This file contains any messages produced by compilers while
running configure, to aid debugging if configure makes a mistake.

It was created by snort configure 2.9.20, which was
generated by GNU Autoconf 2.69.  Invocation command line was

  $ ./configure --with-mysql=/usr/local/mysql

## --------- ##
## Platform. ##
## --------- ##

hostname = rioz-virtual-machine
uname -m = x86_64
uname -r = 5.15.0-52-generic
uname -s = Linux
uname -v = #58-Ubuntu SMP Thu Oct 13 08:03:55 UTC 2022

/usr/bin/uname -p = x86_64
/bin/uname -X     = unknown

/bin/arch              = x86_64
/usr/bin/arch -k       = unknown
/usr/convex/getsysinfo = unknown
/usr/bin/hostinfo      = unknown
/bin/machine           = unknown
/usr/bin/oslevel       = unknown
/bin/universe          = unknown

PATH: /usr/local/sbin
PATH: /usr/local/bin
PATH: /usr/sbin
PATH: /usr/bin
PATH: /sbin
PATH: /bin
PATH: /snap/bin


## ----------- ##
## Core tests. ##
## ----------- ##

configure:2804: checking for a BSD-compatible install
configure:2872: result: /usr/bin/install -c
configure:2883: checking whether build environment is sane
configure:2938: result: yes
configure:3089: checking for a thread-safe mkdir -p
configure:3128: result: /usr/bin/mkdir -p
configure:3135: checking for gawk
configure:3165: result: no
configure:3135: checking for mawk
configure:3151: found /usr/bin/mawk
configure:3162: result: mawk
configure:3173: checking whether make sets $(MAKE)
configure:3195: result: yes
configure:3224: checking whether make supports nested variables
configure:3241: result: yes
configure:3375: checking whether make supports the include directive
configure:3390: make -f confmf.GNU && cat confinc.out
this is the am__doit target
configure:3393: $? = 0
configure:3412: result: yes (GNU style)
configure:3482: checking for gcc
configure:3512: result: no
configure:3575: checking for cc
configure:3622: result: no
configure:3678: checking for cl.exe
configure:3708: result: no
configure:3732: error: in `/home/rioz/Downloads/snort-2.9.20':
configure:3734: error: no acceptable C compiler found in $PATH
See `config.log' for more details

## ---------------- ##
## Cache variables. ##
## ---------------- ##

ac_cv_env_CC_set=
ac_cv_env_CC_value=
ac_cv_env_CFLAGS_set=
ac_cv_env_CFLAGS_value=
ac_cv_env_CPPFLAGS_set=
ac_cv_env_CPPFLAGS_value=
ac_cv_env_CPP_set=
ac_cv_env_CPP_value=
ac_cv_env_LDFLAGS_set=
ac_cv_env_LDFLAGS_value=
ac_cv_env_LIBS_set=
ac_cv_env_LIBS_value=
ac_cv_env_LT_SYS_LIBRARY_PATH_set=
ac_cv_env_LT_SYS_LIBRARY_PATH_value=
ac_cv_env_PKG_CONFIG_LIBDIR_set=
ac_cv_env_PKG_CONFIG_LIBDIR_value=
ac_cv_env_PKG_CONFIG_PATH_set=
ac_cv_env_PKG_CONFIG_PATH_value=
ac_cv_env_PKG_CONFIG_set=
ac_cv_env_PKG_CONFIG_value=
ac_cv_env_SIGNAL_SNORT_DUMP_STATS_set=
ac_cv_env_SIGNAL_SNORT_DUMP_STATS_value=
ac_cv_env_SIGNAL_SNORT_READ_ATTR_TBL_set=
ac_cv_env_SIGNAL_SNORT_READ_ATTR_TBL_value=
ac_cv_env_SIGNAL_SNORT_RELOAD_set=
ac_cv_env_SIGNAL_SNORT_RELOAD_value=
ac_cv_env_SIGNAL_SNORT_ROTATE_STATS_set=
ac_cv_env_SIGNAL_SNORT_ROTATE_STATS_value=
ac_cv_env_build_alias_set=
ac_cv_env_build_alias_value=
ac_cv_env_host_alias_set=
ac_cv_env_host_alias_value=
ac_cv_env_luajit_CFLAGS_set=
ac_cv_env_luajit_CFLAGS_value=
ac_cv_env_luajit_LIBS_set=
ac_cv_env_luajit_LIBS_value=
ac_cv_env_target_alias_set=
ac_cv_env_target_alias_value=
ac_cv_path_install='/usr/bin/install -c'
ac_cv_path_mkdir=/usr/bin/mkdir
ac_cv_prog_AWK=mawk
ac_cv_prog_make_make_set=yes
am_cv_make_support_nested_variables=yes

## ----------------- ##
## Output variables. ##
## ----------------- ##

ACLOCAL='${SHELL} /home/rioz/Downloads/snort-2.9.20/missing aclocal-1.16'
AMDEPBACKSLASH='\'
AMDEP_FALSE='#'
AMDEP_TRUE=''
AMTAR='$${TAR-tar}'
AM_BACKSLASH='\'
AM_DEFAULT_V='$(AM_DEFAULT_VERBOSITY)'
AM_DEFAULT_VERBOSITY='1'
AM_V='$(V)'
AR=''
AUTOCONF='${SHELL} /home/rioz/Downloads/snort-2.9.20/missing autoconf'
AUTOHEADER='${SHELL} /home/rioz/Downloads/snort-2.9.20/missing autoheader'
AUTOMAKE='${SHELL} /home/rioz/Downloads/snort-2.9.20/missing automake-1.16'
AWK='mawk'
BUILD_BUFFER_DUMP_FALSE=''
BUILD_BUFFER_DUMP_TRUE=''
BUILD_CONTROL_SOCKET_FALSE=''
BUILD_CONTROL_SOCKET_TRUE=''
BUILD_DYNAMIC_EXAMPLES_FALSE=''
BUILD_DYNAMIC_EXAMPLES_TRUE=''
BUILD_HA_FALSE=''
BUILD_HA_TRUE=''
BUILD_OPENSSL_MD5_FALSE=''
BUILD_OPENSSL_MD5_TRUE=''
BUILD_OPENSSL_SHA_FALSE=''
BUILD_OPENSSL_SHA_TRUE=''
BUILD_PROCPIDSTATS_FALSE=''
BUILD_PROCPIDSTATS_TRUE=''
BUILD_REACT_FALSE=''
BUILD_REACT_TRUE=''
BUILD_RESPOND3_FALSE=''
BUILD_RESPOND3_TRUE=''
BUILD_SIDE_CHANNEL_FALSE=''
BUILD_SIDE_CHANNEL_TRUE=''
BUILD_SNORT_RELOAD_FALSE=''
BUILD_SNORT_RELOAD_TRUE=''
BUILD_SNPRINTF_FALSE=''
BUILD_SNPRINTF_TRUE=''
CC=''
CCDEPMODE=''
CCONFIGFLAGS=''
CFLAGS=''
CONFIGFLAGS=''
CPP=''
CPPFLAGS=''
CYGPATH_W='echo'
DEFS=''
DEPDIR='.deps'
DLLTOOL=''
DSYMUTIL=''
DUMPBIN=''
ECHO_C=''
ECHO_N='-n'
ECHO_T=''
EGREP=''
EXEEXT=''
FEAT_FILE_INSPECT_FALSE=''
FEAT_FILE_INSPECT_TRUE=''
FEAT_OPEN_APPID_FALSE=''
FEAT_OPEN_APPID_TRUE=''
FGREP=''
GREP=''
HAVE_INTEL_SOFT_CPM_FALSE=''
HAVE_INTEL_SOFT_CPM_TRUE=''
HAVE_JEMALLOC_FALSE=''
HAVE_JEMALLOC_TRUE=''
HAVE_LZMA_FALSE=''
HAVE_LZMA_TRUE=''
HAVE_SHARED_REP_FALSE=''
HAVE_SHARED_REP_TRUE=''
HAVE_TARGET_BASED_FALSE=''
HAVE_TARGET_BASED_TRUE=''
ICONFIGFLAGS=''
INCLUDES=''
INSTALL_DATA='${INSTALL} -m 644'
INSTALL_PROGRAM='${INSTALL}'
INSTALL_SCRIPT='${INSTALL}'
INSTALL_STRIP_PROGRAM='$(install_sh) -c -s'
LD=''
LDFLAGS=''
LEX=''
LIBOBJS=''
LIBS=''
LIBTOOL=''
LIPO=''
LN_S=''
LTLIBOBJS=''
LT_SYS_LIBRARY_PATH=''
LUA_CFLAGS=''
LUA_LIBS=''
MAKEINFO='${SHELL} /home/rioz/Downloads/snort-2.9.20/missing makeinfo'
MANIFEST_TOOL=''
MKDIR_P='/usr/bin/mkdir -p'
NM=''
NMEDIT=''
OBJDUMP=''
OBJEXT=''
OTOOL64=''
OTOOL=''
PACKAGE='snort'
PACKAGE_BUGREPORT=''
PACKAGE_NAME='snort'
PACKAGE_STRING='snort 2.9.20'
PACKAGE_TARNAME='snort'
PACKAGE_URL=''
PACKAGE_VERSION='2.9.20'
PATH_SEPARATOR=':'
PKG_CONFIG=''
PKG_CONFIG_LIBDIR=''
PKG_CONFIG_PATH=''
RANLIB=''
SED=''
SET_MAKE=''
SHELL='/bin/bash'
SIGNAL_SNORT_DUMP_STATS=''
SIGNAL_SNORT_READ_ATTR_TBL=''
SIGNAL_SNORT_RELOAD=''
SIGNAL_SNORT_ROTATE_STATS=''
SO_WITH_STATIC_LIB_FALSE=''
SO_WITH_STATIC_LIB_TRUE=''
STRIP=''
VERSION='2.9.20'
XCCFLAGS=''
YACC=''
ac_ct_AR=''
ac_ct_CC=''
ac_ct_DUMPBIN=''
am__EXEEXT_FALSE=''
am__EXEEXT_TRUE=''
am__fastdepCC_FALSE=''
am__fastdepCC_TRUE=''
am__include='include'
am__isrc=''
am__leading_dot='.'
am__nodep='_no'
am__quote=''
am__tar='$${TAR-tar} chof - "$$tardir"'
am__untar='$${TAR-tar} xf -'
bindir='${exec_prefix}/bin'
build=''
build_alias=''
build_cpu=''
build_os=''
build_vendor=''
datadir='${datarootdir}'
datarootdir='${prefix}/share'
docdir='${datarootdir}/doc/${PACKAGE_TARNAME}'
dvidir='${docdir}'
exec_prefix='NONE'
extra_incl=''
host=''
host_alias=''
host_cpu=''
host_os=''
host_vendor=''
htmldir='${docdir}'
includedir='${prefix}/include'
infodir='${datarootdir}/info'
install_sh='${SHELL} /home/rioz/Downloads/snort-2.9.20/install-sh'
libdir='${exec_prefix}/lib'
libexecdir='${exec_prefix}/libexec'
localedir='${datarootdir}/locale'
localstatedir='${prefix}/var'
luajit_CFLAGS=''
luajit_LIBS=''
mandir='${datarootdir}/man'
mkdir_p='$(MKDIR_P)'
oldincludedir='/usr/include'
pdfdir='${docdir}'
prefix='NONE'
program_transform_name='s,x,x,'
psdir='${docdir}'
sbindir='${exec_prefix}/sbin'
sharedstatedir='${prefix}/com'
sysconfdir='${prefix}/etc'
target_alias=''

## ----------- ##
## confdefs.h. ##
## ----------- ##

/* confdefs.h */
#define PACKAGE_NAME "snort"
#define PACKAGE_TARNAME "snort"
#define PACKAGE_VERSION "2.9.20"
#define PACKAGE_STRING "snort 2.9.20"
#define PACKAGE_BUGREPORT ""
#define PACKAGE_URL ""
#define PACKAGE "snort"
#define VERSION "2.9.20"

configure: exit 1
